2019-10-14 01:16:03.396  INFO 278668 --- [main] c.f.i.Application                        : Starting Application on FAI-BLR04L1018 with PID 278668 (C:\Users\sagupta\Java_Applications\IPFS\build\classes\java\main started by sagupta in C:\Users\sagupta\Java_Applications\IPFS)
2019-10-14 01:16:03.414 DEBUG 278668 --- [main] c.f.i.Application                        : Running with Spring Boot v2.1.8.RELEASE, Spring v5.1.9.RELEASE
2019-10-14 01:16:03.416  INFO 278668 --- [main] c.f.i.Application                        : No active profile set, falling back to default profiles: default
2019-10-14 01:16:06.451  INFO 278668 --- [main] trationDelegate$BeanPostProcessorChecker : Bean 'org.springframework.hateoas.config.HateoasConfiguration' of type [org.springframework.hateoas.config.HateoasConfiguration$$EnhancerBySpringCGLIB$$2e04d03d] is not eligible for getting processed by all BeanPostProcessors (for example: not eligible for auto-proxying)
2019-10-14 01:16:08.066  INFO 278668 --- [main] o.s.b.w.e.t.TomcatWebServer              : Tomcat initialized with port(s): 6080 (http)
2019-10-14 01:16:08.638  INFO 278668 --- [main] o.s.w.c.ContextLoader                    : Root WebApplicationContext: initialization completed in 5100 ms
2019-10-14 01:16:10.855  INFO 278668 --- [main] o.s.s.c.ThreadPoolTaskExecutor           : Initializing ExecutorService 'applicationTaskExecutor'
2019-10-14 01:16:13.013  INFO 278668 --- [main] o.s.b.w.e.t.TomcatWebServer              : Tomcat started on port(s): 6080 (http) with context path ''
2019-10-14 01:16:13.023  INFO 278668 --- [main] c.f.i.Application                        : Started Application in 11.076 seconds (JVM running for 14.686)
2019-10-14 20:16:44.153  INFO 29000 --- [main] c.f.i.Application                        : Starting Application on FAI-BLR04L1018 with PID 29000 (C:\Users\sagupta\Java_Applications\IPFS\build\classes\java\main started by sagupta in C:\Users\sagupta\Java_Applications\IPFS)
2019-10-14 20:16:44.169 DEBUG 29000 --- [main] c.f.i.Application                        : Running with Spring Boot v2.1.8.RELEASE, Spring v5.1.9.RELEASE
2019-10-14 20:16:44.170  INFO 29000 --- [main] c.f.i.Application                        : No active profile set, falling back to default profiles: default
2019-10-14 20:16:46.192  INFO 29000 --- [main] trationDelegate$BeanPostProcessorChecker : Bean 'org.springframework.hateoas.config.HateoasConfiguration' of type [org.springframework.hateoas.config.HateoasConfiguration$$EnhancerBySpringCGLIB$$2c1d0deb] is not eligible for getting processed by all BeanPostProcessors (for example: not eligible for auto-proxying)
2019-10-14 20:16:47.555  INFO 29000 --- [main] o.s.b.w.e.t.TomcatWebServer              : Tomcat initialized with port(s): 6080 (http)
2019-10-14 20:16:47.922  INFO 29000 --- [main] o.s.w.c.ContextLoader                    : Root WebApplicationContext: initialization completed in 3668 ms
2019-10-14 20:16:49.893  INFO 29000 --- [main] o.s.s.c.ThreadPoolTaskExecutor           : Initializing ExecutorService 'applicationTaskExecutor'
2019-10-14 20:16:51.682  INFO 29000 --- [main] o.s.b.w.e.t.TomcatWebServer              : Tomcat started on port(s): 6080 (http) with context path ''
2019-10-14 20:16:51.688  INFO 29000 --- [main] c.f.i.Application                        : Started Application in 8.567 seconds (JVM running for 11.214)
2019-10-15 10:38:11.724  INFO 139540 --- [main] c.f.i.Application                        : Starting Application on FAI-BLR04L1018 with PID 139540 (C:\Users\sagupta\Java_Applications\IPFS\build\classes\java\main started by sagupta in C:\Users\sagupta\Java_Applications\IPFS)
2019-10-15 10:38:11.743 DEBUG 139540 --- [main] c.f.i.Application                        : Running with Spring Boot v2.1.8.RELEASE, Spring v5.1.9.RELEASE
2019-10-15 10:38:11.744  INFO 139540 --- [main] c.f.i.Application                        : No active profile set, falling back to default profiles: default
2019-10-15 10:38:14.579  INFO 139540 --- [main] trationDelegate$BeanPostProcessorChecker : Bean 'org.springframework.hateoas.config.HateoasConfiguration' of type [org.springframework.hateoas.config.HateoasConfiguration$$EnhancerBySpringCGLIB$$e36f9146] is not eligible for getting processed by all BeanPostProcessors (for example: not eligible for auto-proxying)
2019-10-15 10:38:16.157  INFO 139540 --- [main] o.s.b.w.e.t.TomcatWebServer              : Tomcat initialized with port(s): 6080 (http)
2019-10-15 10:38:16.668  INFO 139540 --- [main] o.s.w.c.ContextLoader                    : Root WebApplicationContext: initialization completed in 4807 ms
2019-10-15 10:38:19.313  INFO 139540 --- [main] o.s.s.c.ThreadPoolTaskExecutor           : Initializing ExecutorService 'applicationTaskExecutor'
2019-10-15 10:38:21.697  INFO 139540 --- [main] o.s.b.w.e.t.TomcatWebServer              : Tomcat started on port(s): 6080 (http) with context path ''
2019-10-15 10:38:21.706  INFO 139540 --- [main] c.f.i.Application                        : Started Application in 11.314 seconds (JVM running for 15.03)
2019-10-15 10:44:55.419  INFO 139540 --- [http-nio-6080-exec-1] o.s.w.s.DispatcherServlet                : Initializing Servlet 'dispatcherServlet'
2019-10-15 10:44:55.578  INFO 139540 --- [http-nio-6080-exec-1] o.s.w.s.DispatcherServlet                : Completed initialization in 159 ms
2019-10-15 10:44:55.885 DEBUG 139540 --- [http-nio-6080-exec-1] c.f.i.h.MainController                   : **************************************UPLOADING A FILE IN MAIN CONTROLLER**************************************************
2019-10-15 10:44:55.885 DEBUG 139540 --- [http-nio-6080-exec-1] c.f.i.h.MainController                   : GETTING THE FILE PART FROM HTTP REQUEST
2019-10-15 10:44:55.920 DEBUG 139540 --- [http-nio-6080-exec-1] c.f.i.h.MainController                   : REQUEST FAILED AFTER 0.04 SECONDS
2019-10-15 10:54:17.773 DEBUG 139540 --- [http-nio-6080-exec-2] c.f.i.h.MainController                   : **************************************UPLOADING A FILE IN MAIN CONTROLLER**************************************************
2019-10-15 10:54:17.774 DEBUG 139540 --- [http-nio-6080-exec-2] c.f.i.h.MainController                   : GETTING THE FILE PART FROM HTTP REQUEST
2019-10-15 10:54:17.849 DEBUG 139540 --- [http-nio-6080-exec-2] c.f.i.h.MainController                   : REQUESTING THE HASH FROM IPFS SERVICE
2019-10-15 10:54:17.856 DEBUG 139540 --- [http-nio-6080-exec-2] c.f.i.s.IpfsService                      : GETTING THE FILE FROM MAIN CONTROLLER
2019-10-15 10:54:17.856 DEBUG 139540 --- [http-nio-6080-exec-2] c.f.i.s.IpfsService                      : AFTER FILE CREATION6
2019-10-15 10:54:17.857 DEBUG 139540 --- [http-nio-6080-exec-2] c.f.i.s.IpfsService                      : FILE UPLOADED WITH EXTENSION .pdf
2019-10-15 10:54:17.936 DEBUG 139540 --- [http-nio-6080-exec-2] c.f.i.s.IpfsService                      : CALLING THE IPFS NODE
2019-10-15 10:54:18.301 DEBUG 139540 --- [http-nio-6080-exec-2] c.f.i.s.IpfsService                      : HASH FROM THE IPFS NODE
2019-10-15 10:54:18.305 DEBUG 139540 --- [http-nio-6080-exec-2] c.f.i.h.MainController                   : SETTING THE HASH VALUE FROM IPFS SERVICE TO DOCUMENT OBJECT
2019-10-15 10:54:18.306 DEBUG 139540 --- [http-nio-6080-exec-2] c.f.i.h.MainController                   : REQUEST COMPLETED AFTER 0.533 SECONDS
2019-10-15 10:57:58.274 DEBUG 139540 --- [http-nio-6080-exec-9] c.f.i.h.MainController                   : **************************************FETCHING OF FILE IN MAIN CONTROLLER******************************************
2019-10-15 10:57:58.282 DEBUG 139540 --- [http-nio-6080-exec-9] c.f.i.h.MainController                   : GETTING HASH FROM HEADER
2019-10-15 10:57:58.283 DEBUG 139540 --- [http-nio-6080-exec-9] c.f.i.h.MainController                   : HEADER SHOULD CONTAIN HASH AND FILE EXCEPTION
2019-10-15 10:57:58.283 DEBUG 139540 --- [http-nio-6080-exec-9] c.f.i.h.MainController                   : REQUEST FAILED AFTER 0.009 SECONDS
2019-10-15 10:58:19.337 DEBUG 139540 --- [http-nio-6080-exec-7] c.f.i.h.MainController                   : **************************************FETCHING OF FILE IN MAIN CONTROLLER******************************************
2019-10-15 10:58:19.338 DEBUG 139540 --- [http-nio-6080-exec-7] c.f.i.h.MainController                   : GETTING HASH FROM HEADER
2019-10-15 10:58:19.339 DEBUG 139540 --- [http-nio-6080-exec-7] c.f.i.h.MainController                   : CALLING THE IPFS SERVICE USING REST TEMPLATE
2019-10-15 10:58:19.397 DEBUG 139540 --- [http-nio-6080-exec-10] c.f.i.h.MainController                   : **************************************FETCHING OF FILE FROM IPFS******************************************
2019-10-15 10:58:19.398 DEBUG 139540 --- [http-nio-6080-exec-10] c.f.i.h.MainController                   : GETTING HASH HEADER FROM MAIN HTTP CALL
2019-10-15 10:58:19.403 DEBUG 139540 --- [http-nio-6080-exec-10] c.f.i.h.MainController                   : INITIALIZING A IPFS NODE
2019-10-15 10:58:19.405 DEBUG 139540 --- [http-nio-6080-exec-10] c.f.i.h.MainController                   : FETCHING THE FILE POINTER FROM IPFS NODE
2019-10-15 10:58:19.419 DEBUG 139540 --- [http-nio-6080-exec-10] c.f.i.h.MainController                   : FETCHING THE BYTE DATA FROM IPFS NODE
2019-10-15 10:58:19.420 DEBUG 139540 --- [http-nio-6080-exec-10] c.f.i.h.MainController                   : SETTING THE ATTRIBUTES IN DOCUMENT OBJECT
2019-10-15 10:58:19.437 DEBUG 139540 --- [http-nio-6080-exec-7] c.f.i.h.MainController                   : REQUEST COMPLETED AFTER 0.099 SECONDS
2019-10-15 14:56:49.620 DEBUG 139540 --- [http-nio-6080-exec-5] c.f.i.h.MainController                   : **************************************UPLOADING A FILE IN MAIN CONTROLLER**************************************************
2019-10-15 14:56:49.623 DEBUG 139540 --- [http-nio-6080-exec-5] c.f.i.h.MainController                   : GETTING THE FILE PART FROM HTTP REQUEST
2019-10-15 14:56:49.639 DEBUG 139540 --- [http-nio-6080-exec-5] c.f.i.h.MainController                   : REQUESTING THE HASH FROM IPFS SERVICE
2019-10-15 14:56:49.640 DEBUG 139540 --- [http-nio-6080-exec-5] c.f.i.s.IpfsService                      : GETTING THE FILE FROM MAIN CONTROLLER
2019-10-15 14:56:49.640 DEBUG 139540 --- [http-nio-6080-exec-5] c.f.i.s.IpfsService                      : AFTER FILE CREATION6
2019-10-15 14:56:49.640 DEBUG 139540 --- [http-nio-6080-exec-5] c.f.i.s.IpfsService                      : FILE UPLOADED WITH EXTENSION .pdf
2019-10-15 14:56:49.648 DEBUG 139540 --- [http-nio-6080-exec-5] c.f.i.s.IpfsService                      : CALLING THE IPFS NODE
2019-10-15 14:56:49.713 DEBUG 139540 --- [http-nio-6080-exec-5] c.f.i.s.IpfsService                      : HASH FROM THE IPFS NODE
2019-10-15 14:56:49.717 DEBUG 139540 --- [http-nio-6080-exec-5] c.f.i.h.MainController                   : SETTING THE HASH VALUE FROM IPFS SERVICE TO DOCUMENT OBJECT
2019-10-15 14:56:49.718 DEBUG 139540 --- [http-nio-6080-exec-5] c.f.i.h.MainController                   : REQUEST COMPLETED AFTER 0.1 SECONDS
2019-10-15 15:02:41.540 DEBUG 139540 --- [http-nio-6080-exec-9] c.f.i.h.MainController                   : **************************************FETCHING OF FILE IN MAIN CONTROLLER******************************************
2019-10-15 15:02:41.541 DEBUG 139540 --- [http-nio-6080-exec-9] c.f.i.h.MainController                   : GETTING HASH FROM HEADER
2019-10-15 15:02:41.542 DEBUG 139540 --- [http-nio-6080-exec-9] c.f.i.h.MainController                   : CALLING THE IPFS SERVICE USING REST TEMPLATE
2019-10-15 15:02:41.555 DEBUG 139540 --- [http-nio-6080-exec-6] c.f.i.h.MainController                   : **************************************FETCHING OF FILE FROM IPFS******************************************
2019-10-15 15:02:41.556 DEBUG 139540 --- [http-nio-6080-exec-6] c.f.i.h.MainController                   : GETTING HASH HEADER FROM MAIN HTTP CALL
2019-10-15 15:02:41.563 DEBUG 139540 --- [http-nio-6080-exec-6] c.f.i.h.MainController                   : INITIALIZING A IPFS NODE
2019-10-15 15:02:41.565 DEBUG 139540 --- [http-nio-6080-exec-6] c.f.i.h.MainController                   : FETCHING THE FILE POINTER FROM IPFS NODE
2019-10-15 15:02:41.575 DEBUG 139540 --- [http-nio-6080-exec-6] c.f.i.h.MainController                   : FETCHING THE BYTE DATA FROM IPFS NODE
2019-10-15 15:02:41.576 DEBUG 139540 --- [http-nio-6080-exec-6] c.f.i.h.MainController                   : SETTING THE ATTRIBUTES IN DOCUMENT OBJECT
2019-10-15 15:02:41.580 DEBUG 139540 --- [http-nio-6080-exec-9] c.f.i.h.MainController                   : REQUEST COMPLETED AFTER 0.04 SECONDS
